<?xml version="1.0" encoding="UTF-8"?>
<!-- Generated by org.testng.reporters.JUnitXMLReporter -->
<testsuite hostname="DESKTOP-HPCIQ41" name="Default test" tests="5" failures="0" timestamp="25 Jun 2022 14:25:06 GMT" time="0.141" errors="0">
  <testcase name="k" time="0.038" classname="TestNg.TestSequencing"/>
  <testcase name="h" time="0.001" classname="TestNg.TestSequencing"/>
  <testcase name="i" time="0.002" classname="TestNg.TestSequencing"/>
  <testcase name="f" time="0.003" classname="TestNg.TestSequencing"/>
  <testcase name="g" time="0.001" classname="TestNg.TestSequencing"/>
</testsuite> <!-- Default test -->
